<?xml version="1.0" encoding="UTF-8"?>
<testsuite xmlns:xsi="http://www.w3.org/2001/XMLSchema-instance" xsi:noNamespaceSchemaLocation="https://maven.apache.org/surefire/maven-surefire-plugin/xsd/surefire-test-report.xsd" name="SE1BoxProject_gmmTest" time="0.189" tests="25" errors="0" skipped="0" failures="0">
  <properties>
[...]
</properties>
  <testcase name="addPath3" classname="SE1BoxProject_gmmTest" time="0.004"/>
  <testcase name="addPath4" classname="SE1BoxProject_gmmTest" time="0"/>
  <testcase name="addPath5" classname="SE1BoxProject_gmmTest" time="0"/>
  <testcase name="addPath6" classname="SE1BoxProject_gmmTest" time="0"/>
  <testcase name="addPath7" classname="SE1BoxProject_gmmTest" time="0.001"/>
  <testcase name="addPath8" classname="SE1BoxProject_gmmTest" time="0.001"/>
  <testcase name="addPath9" classname="SE1BoxProject_gmmTest" time="0.001"/>
  <testcase name="makeBox19194" classname="SE1BoxProject_gmmTest" time="0.005"/>
  <testcase name="makeBox19421" classname="SE1BoxProject_gmmTest" time="0.001"/>
  <testcase name="makeBox41921" classname="SE1BoxProject_gmmTest" time="0.001"/>
  <testcase name="makeBox444" classname="SE1BoxProject_gmmTest" time="0.001"/>
  <testcase name="makeBox456" classname="SE1BoxProject_gmmTest" time="0"/>
  <testcase name="makeBox555" classname="SE1BoxProject_gmmTest" time="0.001"/>
  <testcase name="makeBox567" classname="SE1BoxProject_gmmTest" time="0.001"/>
  <testcase name="makeBox666" classname="SE1BoxProject_gmmTest" time="0.001"/>
  <testcase name="makeBox777" classname="SE1BoxProject_gmmTest" time="0.002"/>
  <testcase name="fileCreation" classname="SE1BoxProject_gmmTest" time="0.029"/>
  <testcase name="addPath444" classname="SE1BoxProject_gmmTest" time="0"/>
  <testcase name="addPath448" classname="SE1BoxProject_gmmTest" time="0"/>
  <testcase name="addPath456" classname="SE1BoxProject_gmmTest" time="0"/>
  <testcase name="addPath774" classname="SE1BoxProject_gmmTest" time="0"/>
  <testcase name="addPath778" classname="SE1BoxProject_gmmTest" time="0"/>
  <testcase name="makeBox4421" classname="SE1BoxProject_gmmTest" time="0"/>
  <testcase name="fileCreationAndRead" classname="SE1BoxProject_gmmTest" time="0.029"/>
  <testcase name="makeBox191921" classname="SE1BoxProject_gmmTest" time="0"/>
</testsuite>